<?xml version="1.0" encoding="UTF-8"?>
<testsuite xmlns:xsi="http://www.w3.org/2001/XMLSchema-instance" xsi:noNamespaceSchemaLocation="https://maven.apache.org/surefire/maven-surefire-plugin/xsd/surefire-test-report-3.0.xsd" version="3.0" name="com.demoqa.tests.WidgetsTests" time="10.375" tests="1" errors="0" skipped="0" failures="0">
  <properties>
[...]
</properties>
  <testcase name="oldStyleSelectMenuTest" classname="com.demoqa.tests.WidgetsTests" time="10.372">
    <system-out><![CDATA[18:09:25.820 [main] INFO  i.g.bonigarcia.wdm.WebDriverManager -- Using chromedriver 144.0.7559.133 (resolved driver for Chrome 144)
18:09:25.841 [main] INFO  i.g.bonigarcia.wdm.WebDriverManager -- Exporting webdriver.chrome.driver as C:\Users\Ruslan\.cache\selenium\chromedriver\win64\144.0.7559.133\chromedriver.exe
18:09:25.866 [main] INFO  i.g.bonigarcia.wdm.WebDriverManager -- Using geckodriver 0.36.0 (resolved driver for Firefox 147)
18:09:25.896 [main] INFO  i.g.bonigarcia.wdm.WebDriverManager -- Exporting webdriver.gecko.driver as C:\Users\Ruslan\.cache\selenium\geckodriver\win64\0.36.0\geckodriver.exe
18:09:25.996 [main] INFO  i.g.bonigarcia.wdm.WebDriverManager -- Using msedgedriver 144.0.3719.115 (resolved driver for Edge 144)
18:09:26.012 [main] INFO  i.g.bonigarcia.wdm.WebDriverManager -- Exporting webdriver.edge.driver as C:\Users\Ruslan\.cache\selenium\msedgedriver\win64\144.0.3719.115\msedgedriver.exe
18:09:31.774 [main] INFO  com.demoqa.utils.MyListener -- We opened web site https://demoqa.com/
18:09:33.170 [main] INFO  com.demoqa.utils.MyListener -- We clicked on [[ChromeDriver: chrome on windows (5995f6d205f67788a3b9c053d6f5a8fd)] -> css selector: .card:nth-child(4)]
18:09:34.535 [main] INFO  com.demoqa.utils.MyListener -- We clicked on [[ChromeDriver: chrome on windows (5995f6d205f67788a3b9c053d6f5a8fd)] -> xpath: //span[.='Select Menu']]
18:09:35.420 [main] INFO  com.demoqa.utils.MyListener -- We clicked on [[[[ChromeDriver: chrome on windows (5995f6d205f67788a3b9c053d6f5a8fd)] -> id: oldSelectMenu]] -> xpath: .//option[normalize-space(.) = "Indigo"]]
18:09:35.666 [main] INFO  com.demoqa.utils.MyListener -- Element contains Indigo
18:09:35.719 [main] INFO  com.demoqa.utils.MyListener -- Element contains Red
Blue
Green
Yellow
Purple
Black
White
Voilet
Indigo
Magenta
Aqua
18:09:36.151 [main] INFO  com.demoqa.utils.MyTestWatcher -- The method oldStyleSelectMenuTest() is PASSED
]]></system-out>
  </testcase>
</testsuite>